<?xml version="1.0" encoding="UTF-8"?>
<beans xmlns="http://www.springframework.org/schema/beans"
       xmlns:xsi="http://www.w3.org/2001/XMLSchema-instance"
       xmlns:p="http://www.springframework.org/schema/p"
       xsi:schemaLocation="http://www.springframework.org/schema/beans
       http://www.springframework.org/schema/beans/spring-beans-2.5.xsd">

    <bean class="org.springframework.beans.factory.config.PropertyPlaceholderConfigurer">

        <property name="locations">
            <list>
                <value>classpath:spring/db/test-config.properties</value>
            </list>
        </property>
        <property name="ignoreResourceNotFound" value="false"/>
        <property name="systemPropertiesModeName" value="SYSTEM_PROPERTIES_MODE_OVERRIDE"/>
    </bean>

    <!-- Hibernate session factory -->
    <bean id="sessionFactory" class="org.springframework.orm.hibernate5.LocalSessionFactoryBean"
          p:dataSource-ref="dataSource"
          p:packagesToScan="com.ihg.ravalovich.webservice">

        <property name="hibernateProperties">
            <props>
                <prop key="#{T(org.hibernate.cfg.AvailableSettings).DIALECT}">${hibernate.dialect}</prop>
                <prop key="#{T(org.hibernate.cfg.AvailableSettings).SHOW_SQL}">${hibernate.show_sql}</prop>
            </props>
        </property>
    </bean>

</beans>